[    0.000000] Initializing cgroup subsys cpuset
[    0.000000] Initializing cgroupubsys cpu
[    0.000000] Initializing cgroup subsys cpuacct
[    0.000000] Linux version 4.4.0-137-generic (buildd@gw01-amd64-037) (gcc version 5.4.0 20160609 (Ubuntu 5.4.0-6ubuntu1~16.0410) ) #163-Ubuntu SMP Mon Sep 24 13:14:43 UTC 2018 (Ubuntu 4.4.-137.163-generic 4.4.144)
[    0.000000] Command line: BOOT_IMAGE=/boot/vmlinuz-4.4.0-137-generic root=LABEL=cludimg-rootfs ro cosole=tty1 console=ttyS0
[    0.000000] KERNEL supported cpus:
[    0.000000]   Intel GenuineIntel
[    0.000000]   AMD AuthenticAMD
[    0.000000]   Centaur CentaurHauls
[    0.000000] x86/fpu: xstate_offset[2]:  576, xstate_sizes[2]:  256
[    0.000000] x86/fpu: Supporting XSAVE feature 0x01 'x87 floating int register'
[    .000000] x6/fpu: Supporting XSAVE feature 0x02: 'SSE registers'
[    0.000000] x86/fpu: SupportingXSAVE feature 0x04: 'AVX registers'
[    .000000] x86/fpu Enabled xstate features 0x7, context size is 832 bytes, using 'standard' format.
[    0.000000] e820: BIOS-provided physical RAM map:
[    0.000000] BIOS-e820: [mem 0x0000000000000000-0x000000000009fbff] usaabl
[    0.00000] BIOS-e820: [mem 0x00000000009fc00-0x000000000009ffff] reserved
[    0.000000] BIOS-820: [me 0x0000000000f0000-0x00000000000fffff] reserved
[    0.000000] BIOS-e820: [mem 0x0000000000100000-0x000000003ffeffff] usable
[    0.000000] BIOS-e820: [mem 0x000000003fff0000-0x000000003fffffff] ACPI data
[    0.000000] OS-e820: [mem 0x00000000fec00000-0x00000000fec00fff] reserved
[    0.00000] BIOS-e820: [mem 0x00000000fee00000-0x00000000fee00fff] reserved
[    0.000000] BIOS-e820: [mem 0x0000000fffc0000-0x00000000ffffffff] reserved
[    0.00000] NX (Execue Disable) protection: active
[   0.000000] SMBIOS 2.5 present.
[    0.0000] Hypervisor detected: KVM
[    0.000000] e820: last_pfn =0x3fff0 ax_arch_pfn = 0400000000
[    0.000000] MTRR: Disabled
[    0.000000] x86/PAT: MTRRs disabled, skipping PAT initialization too.
[    0.000000] CPU MTRRs al blank - virtualized systm.
[    0.000000 x86/PAT: Configration [0-7]: WB  WT  UC- UC  WB  WT  UC- UC  
[    0.000000] foun SMP MP-table at [mem 0x0009fff0-0x0009fff] mapped at [ffff88000009fff0]
[    0.000000] Scanning 1 are for low memory corruption
[    0.000000] RAMDISK: [mem 0x3630e000-0x3717efff]
[    0.000000] ACPI: Early table checksum verification disabled
[    0.000000] ACPI: RSDP x00000000000E0000 000024 (v02VBOX  )
[    0.000000] ACPI: XSDT 0x000000003FFF0030 0000C (v01 VBO   VBOXXSDT 00000001 ASL  00000061)
[    0.000000] ACPI: FAP 0x000000003FFF00F0 0000F4 (v04 VBX   VBOXFACP00000001 ASL  00000061)
[    0.00000] ACPI: DSDT 0x00000003FFF0470 0021FF (v02 VBOX   BOXBIOS 00000002 INTL 20100528)
[    0.000000] ACPI: FACS 0x000000003FF0200 000040
[    0.00000] ACPI: FA 0x000000003FFF0200 000040
[    0.000000] ACPI: APIC 0x000000003FFF0240 00005C (v02 VBOX   VBOXAPIC 00000001 ASL  0000061)
[    0.000000] ACPI: SSDT 0x000000003FFF02A0 0001CC (v01 VBOX   VBOXCPUT 00000002 INTL 20100528)
[    0.000000] No NUMA configuration found
[    0.000000] Faking a node at [mem 0x0000000000000000-0x000000003ffeffff]
[    0.000000] NODE_DATA(0) allocated [mem 0x3ffeb000-0xffeffff]
[    0.000000] kvm-clock: Using msrs 4b564d01 and 4b564d00
[    0.000000] kvm-clock: pu 0, msr 0:3ffe3001, primary cpu clock
[    0.000000] m-clock: using sced offset of 8012336444 cyces
[    0.000000] clocksorce: kvm-clock: mask: 0xffffffffffffffff max_cycles: 0x1cd42e4dffb, max_idle_ns: 881590591483 ns
[    0.000000] Zone rangs:
[    0.00000]  DMA      [mem 0x000000000010000x0000000000ffffff]
[    0.000000]   DMA32    [mem 0x0000000001000000-0x000000003ffeffff]
[    0.000000]   Normal   empty
[   0.00000]   Device   empty
[    0.000000] Movable zone start for each node
[    0.000000] Early memor node ranges
[    0.000000]   node   0: [mem 0x0000000000001000-0x000000000009efff]
[    0.000000]   node   0: [mem 0x0000000000100000-0x000000003ffeffff]
[   0.000000] Initmem setup node 0 [mem 0x0000000000001000-0x000000003ffeffff]
[    000000] ACPI: PM-Timer IO Port: 0x4008
[   0.000000] IOAPIC[0]: apic_id 2, version 32, address 0xfec00000, GSI 0-23
[    0.000000] API: INT_SRC_OVR (bus 0 bus_irq 0 global_irq 2 dfl dfl)
[    0.000000] ACPI: INT_SRC_OVR (bus 0 bus_irq 9 global_irq 9 low level)
[    0.000000] Using ACPI (MAD) for SMP configuration information
[    0.000000] smpboot: Allowing 2 CPUs, 0 hotplug CPU
[    0.000000] PM: Registered nosav memory: [mem 0x00000000-0x00000fff]
[    0.000000] PM Registered nosave memory: [mem 0x0009f000-0x0009ffff][    0.000000] PM: Registered nosave memory: [mem 0x000a0000-0x000effff]
[    0.000000] PM: Registered nosave memory: [mem 0x000f0000-0x000fffff]
[    0.000000] 820: [mem x4000000-0xfebfffff] available for PCI devices
[    0.000000] Booting paravirtualized kernel on KVM
[    0.00000] clocksource: refined-jiffies: mask: 0xfffffff max_cycles: 0xffffffff, ax_idle_ns: 7645519600211568 n
[    0.000000] seup_percpu: NR_CPUS:512 nr_cpumask_bits:512 nr_cpu_ids:2 nr_node_ids:1
[    0.000000] PERCPU Embedded 34 pages/cpu @fff88003fc00000 s99608 r8192 31464 u1048576
[   0.000000] PV qspinlck hash table entries: 256 (order: 0, 4096 bytes)
[    0.000000] Built 1 zonelists in Node order, mobility grouping on.  Total pages: 257912
[    0.000000] Policy zone: DMA32
[    0.000000] Kernel command line: BOOT_IMAGE=/boot/vlinuz-4.4.0-137-generic root=LABEL=cloudimg-rootfs ro console=tty1 conole=ttyS0
[    0.00000]PID hash tabe entries: 4096 (order: 3, 32768 bytes)
[    0.000000] Memory: 99771K/1048120 availble (8555K kernel code, 1314K rwdata, 4004K rodata, 158K init, 1316K bss, 50404K reseved, 0K cma-reserved)
[   0.000000] SLUB: HWalign=64, Order=0-3, MinObjects=0, CPUs=2, Nodes=1
[    0.000000] Kerel/User page tables isolation: enabled
[    0.000000] Hierarchical RCU implementation.
[    0.000000] 	Build-time adjustment of leaf fanout to 64.
[    0.000000] 	RCU restricting CPUs from NR_CPUS=512 to nr_cpu_ids=2.
[    0.000000] RCU: Adjusting geometry for rcu_fanout_leaf=64 nr_cpu_ids=2
[    0.000000] R_IRQS:33024 nr_irqs:440 16
[    0.000000] Console: cour VGA+ 80x25
[    0.000000] console [tty1]enabld
[   0.000000] console [ttyS0] enbled
[    0.000000] tsc: Detected 1599.999 MHz processor
[    2.40968] Calibrating delay loop (skippd) preset value.. 3199.99 BogoMIPS (lpj=6399996)
[    2.685104] pid_max: default: 32768 minimum: 301
[    2.688613] ACPI: Core revision 20150930
[    2.691338] ACPI: 2 ACPI AML tables successfully acquired and loaded
[    2.697836] Security Framework initialized
[    2.699420] Yama: becoming mindful.
[    2.700908] AppArmor: AppArmor initialized
[    2.703390] Dentry cache hash table entries: 131072 (order: 8, 1048576 bytes)
[    2.722621] Inode-cache hash table entries: 65536 (order: 7, 524288 bytes)
[    2.739397] Mount-cache hash table entries: 2048 (order: 2, 16384 bytes)
[    2.748435] Mountpoint-cache hash table entries: 2048 (order: 2, 16384 bytes)
[    2.754725] Initializing cgroup subsys io
[    2.760349] Initializing cgroup subsys memory
[    2.768543] Initializing cgroup subsys devices
[    2.774452] Initializing cgroup subsys freezer
[    2.777489] Initializing cgroup subsys net_cls
[    2.780945] Initializing cgroup subsys perf_event
[    2.783331] Initializing cgroup subsys net_prio
[    2.789900] Initializing cgroup subsys hugetlb
[    2.800612] Initializing cgroup subsys pids
[    2.803491] mce: CPU supports 0 MCE banks
[    2.805461] Last level iTLB entries: 4KB 64, 2MB 8, 4MB 8
[    2.820807] Last level dTLB entries: 4KB 64, 2MB 0, 4MB 0, 1GB 4
[    2.838107] Spectre V2 : Mitigation: Full generic retpoline
[    2.840722] Spectre V2 : Spectre v2 mitigation: Speculation control IBPB not-supported IBRS not-supported
[    2.860232] Spectre V2 : Spectre v2 / SpectreRSB mitigation: Filling RSB on context switch
[    2.881670] Speculative Store Bypass: Vulnerable
[    2.886996] Freeing SMP alternatives memory: 32K
[    2.902174] ftrace: allocating 32265 entries in 127 pages
[    2.994748] smpboot: APIC(0) Converting physical 0 to logical package 0
[    2.999517] smpboot: Max logical packages: 1
[    3.005959] x2apic enabled
[    3.008855] Switched APIC routing to physical x2apic.
[    3.021441] ..TIMER: vector=0x30 apic1=0 pin1=2 apic2=-1 pin2=-1
[    3.135832 smpboot: CPU0: Intel(R) Core(TM) i5-5250U CPU @ 1.60GHz (family: 0x6, model: 0x3d, stepping: 0x4)
[    3.197622] Performance Events: unsupported p6 CPU model 61 no PMU driver, software events only.
[    3.204967] KVM setup paravirtual spinlock
[    3.209920] x86: Booting SMP configuration:
[    3.217470] .... node  #0, CPUs:      #1
[    3.221191] kvm-clock: cpu 1, msr 0:3ffe3041, secondary cpu clock
[    3.224350] mce: CPU supports 0 MCE banks
[    3.234232] x86: Booted up 1 node, 2 CPUs
[    3.239289] smpboot: Total of 2 processors activated (6399.99 BogoMIPS)
[    3.252044] devtmpfs: initialized
[    3.256895] evm: security.selinux
[    3.258981] evm: security.SMACK64
[    3.267708] evm: security.SMACK64EXEC
[    3.269288] evm: security.SMACK64TRANSMUTE
[    3.278953] evm: security.SMACK64MMAP
[    3.286462] evm: security.ima
[    3.289248] evm: security.capability
[    3.292900] clocksource: jiffies: mask: 0xffffffff max_cycles: 0xffffffff, max_idle_ns: 7645041785100000 ns
[    3.305412] futex hash table entries: 512 (order: 3, 32768 bytes)
[    3.311625] pinctrl core: initialized pinctrl subsystem
[    3.323389] RTC time: 10:32:32, date: 10/17/18
[    3.327900] NET: Registered protocol family 16
[    3.352892] cpuidle: using governor ladder
[    3.364820] cpuidle: using governor menu
[    3.374823] PCCT header not found.
[    3.383399] ACPI: bus type PCI registered
[    3.392762] acpiphp: ACPI Hot Plug PCI Controller Driver version: 0.5
[    3.411733] PCI: Using configuration type 1 for base access
[    3.438102] ACPI: Added _OSI(Module Device)
[    3.447571] ACPI: Added _OSI(Processor Device)
[    3.453665] ACPI: Added _OSI(3.0 _SCP Extensions)
[    3.455980] ACPI: Added _OSI(Processor Aggregator Device)
[    3.459280] ACPI: Executed 1 blocks of module-level executable AML code
[    3.465340] ACPI: Interpreter enabled
[    3.470010] ACPI: (supports S0 S5)
[    3.474332] ACPI: Using IOAPIC for interrupt routing
[    3.479921] PCI: Using host bridge windows from ACPI; if necessary, use "pci=nocrs" and report a bug
[    3.499136] ACPI: PCI Root Bridge [PCI0] (domain 0000 [bus 00-ff])
[    3.502798] acpi PNP0A03:00: _OSC: OS supports [ASPM ClockPM Segments MSI]
[    3.516060] acpi PNP0A03:00: _OSC: not requesting OS control; OS requires [ExtendedConfig ASPM ClockPM MSI]
[    3.526163] acpi PNP0A03:00: fail to add MMCONFIG information, can't access extended PCI configuration space under this bridge.
[    3.537821] PCI host bridge to bus 0000:00
[    3.544166] pci_bus 0000:00: root bus resource [io  0x0000-0x0cf7 window]
[    3.551154] pci_bus 0000:00: root bus resource [io  0x0d00-0xffff window]
[    3.557510] pci_bus 0000:00: root bus resource [mem 0x000a0000-0x000bffff window]
[    3.567991] pci_bus 0000:00: root bus resource [mem 0x40000000-0xfdffffff window]
[    3.572821] pci_bus 0000:00: root bus resource [bus 00-ff]
[    3.582580] pci 0000:00:01.1: legacy IDE quirk: reg 0x10: [io  0x01f0-0x01f7]
[    3.585706] pci 0000:00:01.1: legacy IDE quirk: reg 0x14: [io  0x03f6]
[    3.593970] pci 0000:00:01.1: legacy IDE quirk: reg 0x18: [io  0x0170-0x0177]
[    3.602871] pci 0000:00:01.1: legacy IDE quirk: reg 0x1c: [io  0x0376]
[    3.669996] pci 0000:00:07.0: quirk: [io  0x4000-0x403f] claimed by PIIX4 ACPI
[    3.675628] pci 0000:00:07.0: quirk: [io  0x4100-0x410f] claimed by PIIX4 SMB
[    3.710136] ACPI: PCI Interrupt Link [LNKA] (IRQs 5 9 10 *11)
[    3.714456] ACPI: PCI Interrupt Link [LNKB] (IRQs 5 9 *10 11)
[    3.725052] ACPI: PCI Interrupt Link [LNKC] (IRQs 5 *9 10 11)
[    3.728468] ACPI: PCI Interrupt Link [LNKD] (IRQs 5 9 10 *11)
[    3.740483] ACPI: Enabled 2 GPEs in block 00 to 07
[    3.751995] vgaarb: setting as boot device: PCI:0000:00:02.0
[    3.761633] vgaarb: device added: PCI:0000:00:02.0,decodes=io+mem,owns=io+mem,locks=none
[    3.768196] vgaarb: loaded
[    3.769725] vgaarb: bridge control possible 0000:00:02.0
[    3.776667] SCSI subsystem initialized
[    3.780199] ACPI: bus type USB registered
[    3.783462] usbcore: registered new interface driver usbfs
[    3.788496] usbcore: registered new interface driver hub
[    3.794415] usbcore: registered new device driver usb
[    3.800484] PCI: Using ACPI for IRQ routing
[    3.810016] NetLabel: Initializing
[    3.811541] NetLabel:  domain hash size = 128
[    3.824616] NetLabel:  protocols = UNLABELED CIPSOv4
[    3.828301] NetLabel:  unlabeled traffic allowed by default
[    3.833959] amd_nb: Cannot enumerate AMD northbridges
[    3.836235] clocksource: Switched to clocksource kvm-clock
[    3.855021] AppArmor: AppArmor Filesystem Enabled
[    3.858110 pnp: PnP ACPI init[    3.915229]pnp: PnP ACPI: found 3 devices

[    3.983529] locksource: acpi_pm: mask: 0xffffff max_cycles: 0xffffff, max_idle_ns: 2085701024 ns
[    4.13243] NET Registered protocol family 2

[    4.06728] TCP established ash tale entries 8192 (order: 4, 65536 bytes)
[    4.181582] TCP bind hash table entries: 8192 (order: 5, 131072 bytes)
[    4.184274] TCP: Hash tables configured (established 8192 bind 8192)
[    4.186912] UDP hash table entries: 512 (ordr: 2, 16384 bytes)
[    .215704]UDP-Litehash table entries:12 (order: 2, 16384 bytes)
[    4.351014] NET: gisterd protocol family1
[    4.458658] pci 000:00:00.0: Limiting direct PCI/PCI transfers
[    4.487676] pci 000:00:01.0: Activating ISA DMA hang workarounds
[    4.516673] Unpacking initramfs...

[    4.843178] Freeing initrd memory: 14788K
[    4.847032] RAPL PMU detected, APunit is 2^-32 Joules, 4 fixed counters 173741824 ms ovfl timer
[    4.969882] hw unit of domain pp0-core 2^-0 Joules
[    4.979732] hw unit of domain package 2^-0 Joules
[    4.990671] hw unit of domain dram 2^-0 Joules
[    4.993056] hw unit of domain pp1-gpu 2^-0 Joules
[    5.005171] platfrm rtccmos: regstered platform RTC device (no NP devicefound)
[    5.153597] Scanning for low memory corrutionevery60 seconds

[    5.238221] audit: initializing netlink subsys (disabled)
[    5.252647] audit: type=2000 audit(1539772360.274:1): initialized
[    5.263583] Initialise system trusted keyring
[    5.288741] HugeTLB registered 2 MB page size, pre-allocated 0 pages
[    5.326271] zbud: loaded
[    5.327979] VFS: Disk quotas dquot_6.6.0
[    5.338621] VFS: Dquot-cache hash table entries: 512 (order 0, 4096 bytes)
[    5.341837] squashfs: version 4.0 (2009/01/31) Phillip Lougher
[    5.347321] fuse init (API version 7.23)
[    5.349355] Key type big_key registered
[    5.351107] Allocating IMA MOK and blacklist keyrings.
[    5.355190] Key type asymmetric registered
[    5.360331] Asymmetric key parser 'x509' registered
[    5.362469] Block layer SCSI generic (bsg) driver version 0.4 loaded (major 249)
[    5.371609] io scheduler noop registered
[    5.374482] io scheduler deadline registered (default)
[    5.381030] io scheduler cfq registered
[    5.383376] pci_hotplug: PCI Hot Plug PCI Core version: 0.5
[    5.389830] pciehp: PCI Express Hot Plug Controller Driver version: 0.4
[    5.398559] ACPI: AC Adapter [AC] (on-line)
[    5.402395] input: Power Button as /devices/LNXSYSTM:00/LNXPWRBN:00/input/input0
[    5.407555] ACPI: Power Button [PWRF]
[    5.418765] input: Sleep Button as /devices/LNXSYSTM:00/LNXSLPBN:00/input/input1
[    5.447682] ACPI: Sleep Button [SLPF]
[    5.450313] GHES: HEST is not enabled!
[    5.454901] ACPI: Battery Slot [BAT0] (battery present)
[    5.459829] Serial: 8250/16550 driver, 32 ports, IRQ sharing enabled
[    5.492623] 00:02: ttyS0 at I/O 0x3f8 (irq = 4, base_baud = 115200) is a 16550A
[    5.506300] Linux agpgart interface v0.103
[    5.516362] loop: module loaded
[    5.525235] scsi host0: ata_piix
[    5.530671] scsi host1: ata_piix
[    5.541649] ata1: PATA max UDMA/33 cmd 0x1f0 ctl 0x3f6 bmdma 0xd000 irq 14
[    5.561845] ata2: PATA max UDMA/33 cmd 0x170 ctl 0x376 bmdma 0xd008 irq 15
[    5.568358] libphy: Fixed MDIO Bus: probed
[    5.570612] tun: Universal TUN/TAP device driver, 1.6
[    5.574788] tun: (C) 1999-2004 Max Krasnyansky <maxk@qualcomm.com>
[    5.579722] PPP generic driver version 2.4.2
[    5.593190] ehci_hcd: USB 2.0 'Enhanced' Host Controller (EHCI) Driver
[    5.596217] ehci-pci: EHCI PCI platform driver
[    5.599570] ehci-platform: EHCI generic platform driver
[    5.601868] ohci_hcd: USB 1.1 'Open' Host Controller (OHCI) Driver
[    5.608735] ohci-pci: OHCI PCI platform driver
[    5.618323] ohci-platform: OHCI generic platform driver
[    5.626849] uhci_hcd: USB Universal Host Controller Interface driver
[    5.629690] i8042: PNP: PS/2 Controller [PNP0303:PS2K,PNP0f03:PS2M] at 0x60,0x64 irq 1,12
[    5.637028] serio: i8042 KBD port at 0x60,0x64 irq 1
[    5.654252] serio: i8042 AUX port at 0x60,0x64 irq 12
[    5.656579] mousedev: PS/2 mouse device common for all mice
[    5.663773] rtc_cmos rtc_cmos: rtc core: registered rtc_cmos as rtc0
[    5.666588] rtc_cmos rtc_cmos: alarms up to one day, 114 bytes nvram
[    5.674758] i2c /dev entries driver
[    5.676411] input: AT Translated Set 2 keyboard as /devices/platform/i8042/serio0/input/input2
[    5.686218] device-mapper: uevent: version 1.0.3
[    5.688508] device-mapper: ioctl: 4.34.0-ioctl (2015-10-28) initialised: dm-devel@redhat.com
[    5.691948] ledtrig-cpu: registered to indicate activity on CPUs
[    5.714053] NET: Registered protocol family 10
[    5.716421] NET: Registered protocol family 17
[    5.736922] Key type dns_resolver registered
[    5.754213] registered taskstats version 1
[    5.759460] Loading compiled-in X.509 certificates
[    5.763629] Loaded X.509 cert 'Build time autogenerated kernel key: 20acc96b50ca7641011eace69d32209215a9b56f'
[    5.773069] zswap: loaded using pool lzo/zbud
[    5.778949] Key type trusted registered
[    5.788218] Key type encrypted registered
[    5.789884] AppArmor: AppArmor sha1 policy hashing enabled
[    5.797007] ima: No TPM chip found, activating TPM-bypass!
[    5.811755] ima: Allocated hash algorithm: sha1
[    5.824792] evm: HMAC attrs: 0x1
[    5.843005]   Magic number: 6:838:527
[    5.844970] rtc_cmos rtc_cmos: setting system clock to 2018-10-17 10:32:34 UTC (1539772354)
[    5.850558] BIOS EDD facility v0.16 2004-Jun-25, 0 devices found
[    5.854435] EDD information not available.
[    5.860064] Freeing unused kernel memory: 1528K
[    5.880644] Write protecting the kernel read-only data: 14336k
[    5.886801] Freeing unused kernel memory: 1672K
[    5.889718] Freeing unused kernel memory: 92K
Loading, please wait...
starting version 229
[    5.917614] random: systemd-udevd: uninitialized urandom read (16 bytes read, 5 bits of entropy available)
[    5.918640] random: udevadm: uninitialized urandom read (16 bytes read, 5 bits of entropy available)
[    5.918668] random: udevadm: uninitialized urandom read (16 bytes read, 5 bits of entropy available)
[    5.935546] random: udevadm: uninitialized urandom read (16 bytes read, 5 bits of entropy available)
[    5.935683] random: udevadm: uninitialized urandom read (16 bytes read, 5 bits of entropy available)
[    5.935981] random: udevadm: uninitialized urandom read (16 bytes read, 5 bits of entropy available)
[    5.936130] random: udevadm: uninitialized urandom read (16 bytes read, 5 bits of entropy available)
[    5.936216] random: udevadm: uninitialized urandom read (16 bytes read, 5 bits of entropy available)
[    5.936478] random: udevadm: uninitialized urandom read (16 bytes read, 5 bits of entropy available)
[    5.936596] random: udevadm: uninitialized urandom read (16 bytes read, 5 bits of entropy available)
[    6.004414] tsc: Refined TSC clocksource calibration: 1600.973 MHz
[    6.004417] clocksource: tsc: mask: 0xffffffffffffffff max_cycles: 0x1713bc2a0fc, max_idle_ns: 440795250665 ns
[    6.187249] e1000: Intel(R) PRO/1000 Network Driver - version 7.3.21-k8-NAPI
[    6.193608] e1000: Copyright (c) 1999-2006 Intel Corporation.
[    6.203045] Fusion MPT base driver 3.04.20
[    6.205472] Copyright (c) 1999-2008 LSI Corporation
[    6.238681] AVX2 version of gcm_enc/dec engaged.
[    6.241166] AES CTR mode by8 optimization enabled
[    6.247635] Fusion MPT SPI Host driver 3.04.20
[    6.469113] input: ImExPS/2 Generic Explorer Mouse as /devices/platform/i8042/serio1/input/input4
[    6.669822] e1000 0000:00:03.0 eth0: (PCI:33MHz:32-bit) 02:28:89:27:00:51
[    6.979262] e1000 0000:00:03.0 eth0: Intel(R) PRO/1000 Network Connection
[    7.488563] e1000 0000:00:08.0 eth1: (PCI:33MHz:32-bit) 08:00:27:c2:2c:59
[    7.498141] e1000 0000:00:08.0 eth1: Intel(R) PRO/1000 Network Connection
[    7.506210] e1000 0000:00:03.0 enp0s3: renamed from eth0
[    7.508587] mptbase: ioc0: Initiating bringup
[    7.521340] e1000 0000:00:08.0 enp0s8: renamed from eth1
[    7.588882] ioc0: LSI53C1030 A0: Capabilities={Initiator}
[    7.770169] scsi host2: ioc0: LSI53C1030 A0, FwRev=00000000h, Ports=1, MaxQ=256, IRQ=20
[    7.885697] scsi 2:0:0:0: Direct-Access     VBOX     HARDDISK         1.0  PQ: 0 ANSI: 5
[    8.076558] scsi target2:0:0: Beginning Domain Validation
[    8.089060] scsi target2:0:0: Domain Validation skipping write tests
[    8.094548] scsi target2:0:0: Ending Domain Validation
[    8.101704] scsi target2:0:0: asynchronous
[    8.104319] scsi 2:0:1:0: Direct-Access     VBOX     HARDDISK         1.0  PQ: 0 ANSI: 5
[    8.110137] scsi target2:0:1: Beginning Domain Validation
[    8.257974] scsi target2:0:1: Domain Validation skipping write tests
[    8.291362] scsi target2:0:1: Ending Domain Validation
[    8.295114] scsi target2:0:1: asynchronous
[    8.334512] sd 2:0:0:0: [sda] 20971520 512-byte logical blocks: (10.7 GB/10.0 GiB)
[    8.363748] sd 2:0:0:0: Attached scsi generic sg0 type 0
[    8.402827] sd 2:0:1:0: [sdb] 20480 512-byte logical blocks: (10.5 MB/10.0 MiB)
[    8.403131] sd 2:0:0:0: [sda] Write Protect is off
[    8.437080] sd 2:0:1:0: Attached scsi generic sg1 type 0
[    8.456934] sd 2:0:0:0: [sda] Incomplete mode parameter data
[    8.457200] sd 2:0:1:0: [sdb] Write Protect is off
[    8.457400] sd 2:0:1:0: [sdb] Incomplete mode parameter data
[    8.457402] sd 2:0:1:0: [sdb] Assuming drive cache: write through
[    8.491751] sd 2:0:0:0: [sda] Assuming drive cache: write through
[    8.494788] sd 2:0:1:0: [sdb] Attached SCSI disk
[    8.507782]  sda: sda1
[    8.519904] sd 2:0:0:0: [sda] Attached SCSI disk
Begin: Loading essential drivers ... [    9.986921] md: linear personality registered for level -1
[    9.993046] md: multipath personality registered for level -4
[   10.005529] md: raid0 personality registered for level 0
[   10.021187] md: raid1 personality registered for level 1
[   10.096253] raid6: sse2x1   gen()  7842 MB/s
[   10.168336] raid6: sse2x1   xor()  5813 MB/s
[   10.252510] raid6: sse2x2   gen()  9280 MB/s
[   10.324799] raid6: sse2x2   xor()  6068 MB/s
[   10.392463] raid6: sse2x4   gen()  9289 MB/s
[   10.460527] raid6: sse2x4   xor()  7537 MB/s
[   10.528916] raid6: avx2x1   gen() 14981 MB/s
[   10.604553] raid6: avx2x2   gen() 16138 MB/s
[   10.680648] raid6: avx2x4   gen()  8395 MB/s
[   10.689385] raid6: using algorithm avx2x2 gen() 16138 MB/s
[   10.693563] raid6: using avx2x2 recovery algorithm
[   10.711537] xor: automatically using best checksumming function:
[   10.760284]    avx       : 21485.000 MB/sec
[   10.767532] async_tx: api initialized (async)
[   10.778530] md: raid6 personality registered for level 6
[   10.793068] md: raid5 personality registered for level 5
[   10.799848] md: raid4 personality registered for level 4
[   10.818261] md: raid10 personality registered for level 10
done.
Begin: Running /scripts/init-premount ... done.
Begin: Mounting root file system ... Begin: Running /scripts/local-top ... done.
Begin: Running /scripts/local-premount ... [   10.877281] Btrfs loaded
Scanning for Btrfs filesystems
done.
Warning: fsck not present, so skipping root file system
[   10.977357] EXT4-fs (sda1): mounted filesystem with ordered data mode. Opts: (null)
done.
Begin: Running /scripts/local-bottom ... done.
Begin: Running /scripts/init-bottom ... done.
[   11.472731] systemd[1]: systemd 229 running in system mode. (+PAM +AUDIT +SELINUX +IMA +APPARMOR +SMACK +SYSVINIT +UTMP +LIBCRYPTSETUP +GCRYPT +GNUTLS +ACL +XZ -LZ4 +SECCOMP +BLKID +ELFUTILS +KMOD -IDN)
[   11.505224] systemd[1]: Detected virtualization oracle.
[   11.513178] systemd[1]: Detected architecture x86-64.

Welcome to [1mUbuntu 16.04.5 LTS[0m!

[   11.542231] systemd[1]: Set hostname to <ubuntu>.
[   11.553251] systemd[1]: Initializing machine ID from random generator.
[   11.556386] systemd[1]: Installed transient /etc/machine-id file.
[   12.271110] systemd[1]: Listening on Device-mapper event daemon FIFOs.
[[0;32m  OK  [0m] Listening on Device-mapper event daemon FIFOs.
[   12.293838] systemd[1]: Listening on Journal Audit Socket.
[[0;32m  OK  [0m] Listening on Journal Audit Socket.
[   12.313839] systemd[1]: Listening on udev Control Socket.
[[0;32m  OK  [0m] Listening on udev Control Socket.
[   12.321969] systemd[1]: Listening on LVM2 metadata daemon socket.
[[0;32m  OK  [0m] Listening on LVM2 metadata daemon socket.
[   12.334637] systemd[1]: Listening on /dev/initctl Compatibility Named Pipe.
[[0;32m  OK  [0m] Listening on /dev/initctl Compatibility Named Pipe.
[   12.363792] systemd[1]: Listening on Journal Socket.
[[0;32m  OK  [0m] Listening on Journal Socket.
[   12.405240] systemd[1]: Started Forward Password Requests to Wall Directory Watch.
[[0;32m  OK  [0m] Started Forward Password Requests to Wall Directory Watch.
[   12.429725] systemd[1]: Reached target System Time Synchronized.
[[0;32m  OK  [0m] Reached target System Time Synchronized.
[   12.443826] systemd[1]: Started Trigger resolvconf update for networkd DNS.
[[0;32m  OK  [0m] Started Trigger resolvconf update for networkd DNS.
[   12.460779] systemd[1]: Reached target User and Group Name Lookups.
[[0;32m  OK  [0m] Reached target User and Group Name Lookups.
[   12.486312] systemd[1]: Created slice System Slice.
[[0;32m  OK  [0m] Created slice System Slice.
[   12.508498] systemd[1]: Starting Nameserver information manager...
         Starting Nameserver information manager...
[   12.531023] systemd[1]: Mounting POSIX Message Queue File System...
         Mounting POSIX Message Queue File System...
[   12.561209] systemd[1]: Starting Create list of required static device nodes for the current kernel...
         Starting Create list of required st... nodes for the current kernel...
[   12.608818] systemd[1]: Mounting Huge Pages File System...
         Mounting Huge Pages File System...
[   12.616145] systemd[1]: Starting Set console keymap...
         Starting Set console keymap...
[   12.630025] systemd[1]: Starting Monitoring of LVM2 mirrors, snapshots etc. using dmeventd or progress polling...
         Starting Monitoring of LVM2 mirrors... dmeventd or progress polling...
[   12.698754] systemd[1]: Starting Load Kernel Modules...
         Starting Load Kernel Modules...
[   12.708729] systemd[1]: Starting Remount Root and Kernel File Systems...
[   12.715913] EXT4-fs (sda1): re-mounted. Opts: (null)
         Starting Remount Root a[   12.733481] Loading iSCSI transport class v2.0-870.
nd Kernel File Systems...
[   12.742791] random: nonblocking pool is initialized
[   12.756717] iscsi: registered transport (tcp)
[   12.768849] systemd[1]: Mounting Debug File System...
         Mounting Debug File System...
[   12.778559] systemd[1]: Starting Uncomplicated firewall...
         Starting Uncomplicated firewall...
[   12.797147] systemd[1]: Created slice User and Session Slice.
[[0;32m  OK  [0m] Created slice User and Session Slice.
[   12.806049] systemd[1]: Reached target Slices.
[[0;32m  OK  [0m] Reached target Slices.
[   12.817189] systemd[1]: Listening on Journal Socket (/dev/log).
[[0;32m  OK  [0m] Listening on Journal Socket (/dev/log).
[   12.829084] systemd[1]: Reached target Swap.
[[0;32m  OK  [0m] Reached target Swap.
[   12.841499] systemd[1]: Created slice system-serial\x2dgetty.slice.
[   12.844763] iscsi: registered transport (iser)
[[0;32m  OK  [0m] Created slice system-serial\x2dgetty.slice.
[   12.866596] systemd[1]: Listening on Syslog Socket.
[[0;32m  OK  [0m] Listening on Syslog Socket.
[   12.904988] systemd[1]: Starting Journal Service...
         Starting Journal Service...
[   12.917690] systemd[1]: Set up automount Arbitrary Executable File Formats File System Automount Point.
[[0;32m  OK  [0m] Set up automount Arbitrary Executab...ats File System Automount Point.
[   12.954848] systemd[1]: Listening on LVM2 poll daemon socket.
[[0;32m  OK  [0m] Listening on LVM2 poll daemon socket.
[   12.978530] systemd[1]: Reached target Encrypted Volumes.
[[0;32m  OK  [0m] Reached target Encrypted Volumes.
[   13.016919] systemd[1]: Listening on udev Kernel Socket.
[[0;32m  OK  [0m] Listening on udev Kernel Socket.
[   13.083394] systemd[1]: Mounted Debug File System.
[[0;32m  OK  [0m] Mounted Debug File System.
[   13.126218] systemd[1]: Mounted POSIX Message Queue File System.
[[0;32m  OK  [0m] Mounted POSIX Message Queue File System.
[   13.148214] systemd[1]: Mounted Huge Pages File System.
[[0;32m  OK  [0m] Mounted Huge Pages File System.
[   13.166374] systemd[1]: Started Journal Service.
[[0;32m  OK  [0m] Started Journal Service.
[[0;32m  OK  [0m] Started Create list of required sta...ce nodes for the current kernel.
[[0;32m  OK  [0m] Started Set console keymap.
[[0;32m  OK  [0m] Started Load Kernel Modules.
[[0;32m  OK  [0m] Started Remount Root and Kernel File Systems.
[[0;32m  OK  [0m] Started Uncomplicated firewall.
[[0;32m  OK  [0m] Started Nameserver information manager.
[[0;32m  OK  [0m] Started LVM2 metadata daemon.
         Starting Load/Save Random Seed...
         Starting udev Coldplug all Devices...
         Starting Apply Kernel Variables...
         Mounting FUSE Control File System...
         Starting Create Static Device Nodes in /dev...
         Starting Flush Journal to Persistent Storage...
[[0;32m  OK  [0m] Mounted FUSE Control File System.
[[0;32m  OK  [0m] Started Load/Save Random Seed.
[[0;32m  OK  [0m] Started Apply Kernel Variables.
[[0;32m  OK  [0m] Started Create Static Device Nodes in /dev.
[[0;32m  OK  [0m] Started udev Coldplug all Devices.
[[0;32m  OK  [0m] Started Flush Journal to Persistent Storage.
         Starting udev Kernel Device Manager...
[[0;32m  OK  [0m] Started Monitoring of LVM2 mirrors,...ng dmeventd or progress polling.
[[0;32m  OK  [0m] Started udev Kernel Device Manager.
[[0;32m  OK  [0m] Reached target Local File Systems (Pre).
[[0;32m  OK  [0m] Reached target Local File Systems.
         Starting Tell Plymouth To Write Out Runtime Data...
         Starting Create Volatile Files and Directories...
         Starting Set console font and keymap...
         Starting Commit a transient machine-id on disk...
         Starting Initial cloud-init job (pre-networking)...
         Starting LSB: AppArmor initialization...
[[0;32m  OK  [0m] Started Dispatch Password Requests to Console Directory Watch.
[[0;32m  OK  [0m] Started Tell Plymouth To Write Out Runtime Data.
[[0;32m  OK  [0m] Started Create Volatile Files and Directories.
[[0;32m  OK  [0m] Started Commit a transient machine-id on disk.
         Starting Update UTMP about System Boot/Shutdown...
[[0;32m  OK  [0m] Started Update UTMP about System Boot/Shutdown.
[[0;32m  OK  [0m] Found device /dev/ttyS0.
[[0;32m  OK  [0m] Listening on Load/Save RF Kill Switch Status /dev/rfkill Watch.
[[0;32m  OK  [0m] Started LSB: AppArmor initialization.
[[0;32m  OK  [0m] Started Set console font and keymap.
[[0;32m  OK  [0m] Created slice system-getty.slice.
[   12.734639] cloud-init[492]: Cloud-init v. 18.3-9-g2e62cb8a-0ubuntu1~16.04.2 running 'init-local' at Wed, 17 Oct 2018 10:32:44 +0000. Up 12.28 seconds.
[[0;32m  OK  [0m] Started Initial cloud-init job (pre-networking).
[[0;32m  OK  [0m] Reached target Network (Pre).
         Starting Raise network interfaces...
[[0;32m  OK  [0m] Started Raise network interfaces.
         Starting Initial cloud-init job (metadata service crawler)...
[[0;32m  OK  [0m] Reached target Network.
[   15.247462] cloud-init[942]: Cloud-init v. 18.3-9-g2e62cb8a-0ubuntu1~16.04.2 running 'init' at Wed, 17 Oct 2018 10:32:46 +0000. Up 14.13 seconds.
[   15.262483] cloud-init[942]: ci-info: +++++++++++++++++++++++++++++++++++++Net device info++++++++++++++++++++++++++++++++++++++
[   15.276337] cloud-init[942]: ci-info: +--------+-------+--------------------------+---------------+--------+-------------------+
[   15.292370] cloud-init[942]: ci-info: | Device |   Up  |         Address          |      Mask     | Scope  |     Hw-Address    |
[   15.303062] [[0;32m  OK  [0m] Started Initial cloud-init job (metadata service crawler).
[[0;32m  OK  [0m] Reached target Cloud-config availability.
[[0;32m  OK  [0m] Reached target System Initialization.
cloud-init[942]: ci-info: +--------+-------+--------------------------+---------------+--------+-------------------+
[   15.401488]          Starting LXD - unix socket.
cloud-init[942]: ci-info: | enp0s3 |  True |        10.0.2.15         | 255.255.255.0 | global | 02:28:89:27:00:51 |
[   15.461478] [[0;32m  OK  [0m] Started ACPI Events Check.
[[0;32m  OK  [0m] Reached target Paths.
[[0;32m  OK  [0m] Listening on D-Bus System Message Bus Socket.
         Starting Socket activation for snappy daemon.
[[0;32m  OK  [0m] Started Daily Cleanup of Temporary Directories.
cloud-init[942]: ci-info: | enp0s3 |  True | fe80::28:89ff:fe27:51/64 |       .       |  link  | 02:28:89:27:00:51 |
[   15.521249] [[0;32m  OK  [0m] Listening on ACPID Listen Socket.
[[0;32m  OK  [0m] Listening on UUID daemon activation socket.
[[0;32m  OK  [0m] Started Daily apt download activities.
cloud-init[942]: ci-info: | enp0s8 | False |            .             |       .       |   .    | 08:00:27:c2:2c:59 |
[   15.564747] [cloud-init[0;32m  OK  [0m] Started Daily apt upgrade and clean activities.
[942]: ci-info: |   lo   |  True |        127.0.0.1         |   255.0.0.0   |  host  |         .         |
[   15.588773] cloud-init[942]: ci-info: |   lo   |  True |         ::1/128          |       .       |  host  |         .         |
[[0;32m  OK  [0m] Reached target Timers.
[   15.591201] cloud-init[942]: [ci-info: +--------+-------+--------------------------+---------------+--------+-------------------+[0;32m  OK  [0m
] Reached target Network is Online.
[   15.622123] cloud-init[942]: ci-info: +++++++++++++++++++++++++++Route IPv4 info++++++++++++++++++++++++++++
[   15.711584]          Starting iSCSI initiator daemon (iscsid)...
[[0;32m  OK  [0m] Listening on LXD - unix socket.
cloud-init[942]: ci-info: +-------+-------------+----------+---------------+-----------+-------+
[[0;32m  OK  [0m] Listening on Socket activation for snappy daemon.
[   15.755550] cloud-init[942]: ci-info: | Route | Destination | Gateway  |    Genmask    | Interface | Flags |
[   15.790580] cloud-init[942]: ci-info: +-------+-------------+----------+---------------+-----------+-------+
[[0;32m  OK  [0m] Reached target Sockets.
[[0;32m  OK  [0m] Reached target Basic System.
         Starting Accounts Service...
[   15.796517] cloud-init[942]: ci-info: |   0   |   0.0.0.0   | 10.0.2.2 |    0.0.0.0    |   enp0s3  |   UG  |
[   15.840345] [[0;32m  OK  [0m] Started Regular background program processing daemon.
cloud-init[942]: ci-info: |   1   |   10.0.2.0  | 0.0.0.0  | 255.255.255.0 |   enp0s3  |   U   |
[   15.871488]          Starting System Logging Service...
cloud-init[942]: [[0;32m  OK  [0m] Started ACPI event daemon.
ci-info: +-------+-------------+----------+---------------+-----------+-------+
[   15.892556] cloud-init         Starting Virtualbox guest utils...
[[0;32m  OK  [0m] Started FUSE filesystem for LXC.
         Starting LSB: Record successful boot for GRUB...
[[0;32m  OK  [0m] Started D-Bus System Message Bus.
[942]: ci-info: +++++++++++++++++++Route IPv6 info+++++++++++++++++++
[   15.927598] cloud-init[942]: ci-info: +-------+-------------+---------+-----------+-------+
[   15.934192] cloud-init[942]: ci-info: | Route | Destination | Gateway | Interface | Flags |
[   15.944747] cloud-init[942]: ci-info: +-------+-------------+---------+-----------+-------+
[   15.968771] cloud-init[942]: ci-info: |   0   |  fe80::/64  |    ::   |   enp0s3  |   U   |
[   15.989858] cloud-init[942]: ci-info: |   3   |   ff00::/8  |    ::   |   enp0s3  |   U   |
[   15.994696] cloud-init[942]: ci-info: +-------+-------------+---------+-----------+-------+
[   15.998925] cloud-init[942]: Generating public/private rsa key pair.
[   16.004301] cloud-init[942]: Your identification has been saved in /etc/ssh/ssh_host_rsa_key.
[   16.033503] cloud-init[942]: Your public key has been saved in /etc/ssh/ssh_host_rsa_key.pub.
[   16.048139]          Starting LXD - container startup/shutdown...
         Starting LSB: MD monitoring daemon...
cloud-init[942]: The key fingerprint is:
[   16.056636] cloud-init[942]: SHA256:Vt1kEpDLCRDww5NYxyih1u6Gfq0rEONHgYQG5D/Jk60 root@ubuntu-xenial
[   16.056760] cloud-init[942]: The key's randomart image is:
[   16.057194] cloud-init[942]: +---[RSA 2048]----+
         Starting Pollinate to seed the pseudo random number generator...
[   16.057532] cloud-init[942]: |*o. oo+=. .oo.o  |
[   16.108778] cloud-init[942]: |oo +.=.oo .. =   |
[   16.121366]          Starting Snappy daemon...
[cloud-init[942]: |..o +.*  o.o. .  |
[0;32m  OK  [0m] Started Unattended Upgrades Shutdown.
[   16.124261] cloud-init[942]: |o.oo+  o .+      |
[   16.156006] cloud-init[942]: |.o.B..  S        |
[   16.159895] cloud-init         Starting Login Service...
[942]: |.. ++  .         |
[   16.191081] [[0;32m  OK  [0m] Started Deferred execution scheduler.
cloud-init[942]: | .oEo.           |
[   16.220211]          cloud-initStarting /etc/rc.local Compatibility...[942]: 
| .... .          |
[[0;32m  OK  [0m] Started System Logging Service.
[[0;32m  OK  [0m] Started iSCSI initiator daemon (iscsid).
[   16.264420] [[0;32m  OK  [0m] Started /etc/rc.local Compatibility.
cloud-init[942]: |  .ooo           |
[   16.297734] cloud-init[942]: +----[SHA256]-----+
[   16.303191] cloud-init[942]: Generating public/private dsa key pair.
[   16.323557] cloud-init[942]: Your identification has been saved in /etc/ssh/ssh_host_dsa_key.
[   16.339811] [[0;32m  OK  [0m] Started LXD - container startup/shutdown.
cloud-init[942]: Your public key has been saved in /etc/ssh/ssh_host_dsa_key.pub.
[   16.352997] cloud-init[942]: The key fingerprint is:
[   16.370589] cloud-init[942]: SHA256:4eB2Q46PtC4o79gAxXeUiluUliqGe+4R+hEV4OtQoJw root@ubuntu-xenial
[   16.385879] cloud-init[942]: The key's randomart image is:
         Starting Authenticate and Authorize Users to Run Privileged Tasks...
[   16.418030] cloud-init[942]: +---[DSA 1024]----+
[   16.441649] cloud-init[942]: |. ...o..         |
[   16.448038] cloud-init[942]: |o+. =o.          |
[   16.452089] cloud-init[942]: |oE==o.o o        |
[   16.459771]          Starting Login to default iSCSI targets...
cloud-init[942]: |o+o+oo * .       |
[[0;32m  OK  [0m] Started LSB: Record successful boot for GRUB.
[   16.468020] cloud-init[942]: |+o+o  = S        |
[[0;32m  OK  [0m] Started LSB: MD monitoring daemon.
[   16.499339] cloud-init[942]: |o+oo o = .       |
[   16.519152] [cloud-init[0;32m  OK  [0m[942]: ] |oo+.  o .        |Started Virtualbox guest utils.

[   16.544693] [[0;32m  OK  [0m] Started Login Service.
[[0;32m  OK  [0m] Started Snappy daemon.
cloud-init[942]: |.=oo..           |
[[0;32m  OK  [0m] Started Authenticate and Authorize Users to Run Privileged Tasks.
[   16.549981] cloud-init[942]: |.=*  ..          |
[[0;32m  OK  [0m] Started Accounts Service.
[   16.572295] cloud-init[942]: +----[SHA256]-----+
[   16.592887] cloud-init         Starting Wait until snapd is fully seeded...
[942]: Generating public/private ecdsa key pair.
[   16.600455] cloud-init[942]: Your identification has been saved in /etc/ssh/ssh_host_ecdsa_key.
[   16.627298] cloud-init[942]: Your public key has been saved in /etc/ssh/ssh_host_ecdsa_key.pub.
[   16.639769] cloud-init[942]: The key fingerprint is:
[   16.645883] cloud-init[942]: SHA256:Ss7aSmB/bX6eQxUV7i8Z8HECYbJC2oh9/TDr85vVjZY root@ubuntu-xenial
[   16.660489] cloud-init[942]: The key's randomart image is:
[   16.664258] cloud-init[942]: +---[ECDSA 256]---+
[   16.667507] cloud-init[942]: |        . . +oo. |
[   16.668348] cloud-init[942]: |     o = . +.o   |
[[0;32m  OK  [0m] Started Login to default iSCSI targets.
[   16.670078] cloud-init[942]: |    . + + = ..+ .|
[   16.716783] cloud-init[942]: |       . . =.+ + |
[   16.717729] cloud-init[942]: |  o   . S ... +  |
[   16.719828] cloud-init[942]: | . o + o ..    B.|
[[0;32m  OK  [0m[   16.721131] ] cloud-initReached target Remote File Systems (Pre).[942]: 
|    o = o.o   E +|
[   16.721256] cloud-init[942]: |   . + o  o+ + . |
[   16.769847] cloud-init[942]: |    o.. .oo.+.   |
[[0;32m  OK  [0m] Reached target Remote File Systems.
[   16.771168] cloud-init[942]: +----[SHA256]-----+
[   16.809822] cloud-init[942]: Generating public/private ed25519 key pair.
         Starting LSB: daemon to balance interrupts for SMP systems...
[   16.812395] cloud-init[942]: Your identification has been saved in /etc/ssh/ssh_host_ed25519_key.
[   16.881144]          Starting Permit User Sessions...
         Starting LSB: Set the CPU Frequency Scaling governor to "ondemand"...
         Starting LSB: automatic crash report generation...
cloud-init[942]: Your public key has been saved in /etc/ssh/ssh_host_ed25519_key.pub.
[   16.932234] [[0;32m  OK  [0m] Started Pollinate to seed the pseudo random number generator.
[[0;32m  OK  [0m] Started Permit User Sessions.
cloud-init[942]: The key fingerprint is:
[   16.941108] cloud-init[942]: SHA256:5LE0Sd/VnaXA0HE3OTBMKLVSztl1CnxqJnPRUR1O6Ic root@ubuntu-xenial
[   16.947810] cloud-init[942]: The key's randomart image is:
[   16.964963] cloud-init[942]: +--[ED25519 256]--+
[   16.976930] cloud-init[942]: |        . oBB**O%|
[   16.979466] cloud-init[942]: |       . ++oOBBB*|
         Starting Terminate Plymouth Boot Screen...[   16.990772] cloud-init[942]: |        *.o=o=+..|
[   16.991801] cloud-init[942]: |       + ++ =E . |
[   16.993885] cloud-init[942]: |        S  *  .  |
[   16.994002] cloud-init[942]: |                 |
[   16.994083] cloud-init[942]: |                 |
[   16.994160] cloud-init[942]: |                 |

[   16.995527] cloud-init[942]: |                 |
[   17.088736] cloud-init[942]: +----[SHA256]-----+
         Starting Hold until boot process finishes up...
         Starting OpenBSD Secure Shell server...
[[0;32m  OK  [0m] Started LSB: daemon to balance interrupts for SMP systems.
[[0;32m  OK  [0m] Started LSB: Set the CPU Frequency Scaling governor to "ondemand".
[[0;32m  OK  [0m] Started LSB: automatic crash report generation.
[[0;32m  OK  [0m] Started Terminate Plymouth Boot Screen.
[[0;32m  OK  [0m] Started Hold until boot process finishes up.
[[0;32m  OK  [0m] Started OpenBSD Secure Shell server.
         Starting Set console scheme...
[[0;32m  OK  [0m] Started Serial Getty on ttyS0.
[[0;32m  OK  [0m] Started Getty on tty1.
[[0;32m  OK  [0m] Reached target Login Prompts.
[[0;32m  OK  [0m] Started Set console scheme.
[[0;32m  OK  [0m] Started Wait until snapd is fully seeded.
         Starting Apply the settings specified in cloud-config...
[[0;32m  OK  [0m] Reached target Multi-User System.
[[0;32m  OK  [0m] Reached target Graphical Interface.
         Starting Update UTMP about System Runlevel Changes...
[[0;32m  OK  [0m] Started Update UTMP about System Runlevel Changes.
[   19.646043] cloud-init[1267]: Generating locales (this might take a while)...
[[0;32m  OK  [0m] Created slice User Slice of vagrant.
         Starting User Manager for UID 1000...
[[0;32m  OK  [0m] Started Session 1 of user vagrant.
[[0;32m  OK  [0m] Started User Manager for UID 1000.
[   20.912261] cloud-init[1267]:   en_US.UTF-8... done
[   20.916615] cloud-init[1267]: Generation complete.
[   21.880388] cloud-init[1267]: Cloud-init v. 18.3-9-g2e62cb8a-0ubuntu1~16.04.2 running 'modules:config' at Wed, 17 Oct 2018 10:32:51 +0000. Up 19.49 seconds.
[[0;32m  OK  [0m] Started Apply the settings specified in cloud-config.
         Starting Execute cloud user/final scripts...
ci-info: no authorized ssh keys fingerprints found for user ubuntu.
<14>Oct 17 10:32:54 ec2: 
<14>Oct 17 10:32:54 ec2: #############################################################
<14>Oct 17 10:32:54 ec2: -----BEGIN SSH HOST KEY FINGERPRINTS-----
<14>Oct 17 10:32:54 ec2: 1024 SHA256:4eB2Q46PtC4o79gAxXeUiluUliqGe+4R+hEV4OtQoJw root@ubuntu-xenial (DSA)
<14>Oct 17 10:32:54 ec2: 256 SHA256:Ss7aSmB/bX6eQxUV7i8Z8HECYbJC2oh9/TDr85vVjZY root@ubuntu-xenial (ECDSA)
<14>Oct 17 10:32:54 ec2: 256 SHA256:5LE0Sd/VnaXA0HE3OTBMKLVSztl1CnxqJnPRUR1O6Ic root@ubuntu-xenial (ED25519)
<14>Oct 17 10:32:54 ec2: 2048 SHA256:Vt1kEpDLCRDww5NYxyih1u6Gfq0rEONHgYQG5D/Jk60 root@ubuntu-xenial (RSA)
<14>Oct 17 10:32:54 ec2: -----END SSH HOST KEY FINGERPRINTS-----
<14>Oct 17 10:32:54 ec2: #############################################################
-----BEGIN SSH HOST KEY KEYS-----
ecdsa-sha2-nistp256 AAAAE2VjZHNhLXNoYTItbmlzdHAyNTYAAAAIbmlzdHAyNTYAAABBBI/rVAuOiJSv038LKwFclWmzI4cGdDpFE3VTj0xi1pYClIaHkRDUOEXGYS/zNNlj8r/xhBPQUR0MLOovhroHKUo= root@ubuntu-xenial
ssh-ed25519 AAAAC3NzaC1lZDI1NTE5AAAAIBs0M1xxXMVY4Ts+k89bC8jsdU+chEBry5xJP5+EO6k/ root@ubuntu-xenial
ssh-rsa AAAAB3NzaC1yc2EAAAADAQABAAABAQDED4iSzBNh6bZgExE5uuY7HvyzYkk5luULV8kjWdBnr28do7zHY0Sg9fidCcQ5/SgIPME+0mNoaAx6XLb9m4FqnSat8yicknQ099YhyDJ9KG4U1IEo0znVYYbnLyqHpEU1ri0xio6hYaTmjFR+LthdfmVKzSbcPG8fRBgDLvCgXHkhziY3SDjwmVxqdlDJluT+byld1Ob4qorTuocIId0GtYH3kaAsVkfCG2R4NWY40cIPro7B4+aNxwVlmSFtP1E5BohOqm0fH+NWa+wPBm7ZhfFaEyb3oxmtVbqOhrRFOYx1/oyvrLplZNyDuonm3yzDAQhcdCksDBNdg9dQFlLP root@ubuntu-xenial
-----END SSH HOST KEY KEYS-----
[   22.798497] cloud-init[1408]: Cloud-init v. 18.3-9-g2e62cb8a-0ubuntu1~16.04.2 running 'modules:final' at Wed, 17 Oct 2018 10:32:54 +0000. Up 22.43 seconds.
[   22.799120] cloud-init[1408]: ci-info: no authorized ssh keys fingerprints found for user ubuntu.
[   22.800743] cloud-init[1408]: Cloud-init v. 18.3-9-g2e62cb8a-0ubuntu1~16.04.2 finished at Wed, 17 Oct 2018 10:32:54 +0000. Datasource DataSourceNoCloud [seed=/dev/sdb][dsmode=net].  Up 22.76 seconds

Ubuntu 16.04.5 LTS ubuntu-xenial ttyS0

ubuntu-xenial login: 